<?xml version="1.0" encoding="UTF-8"?>
<!-- Generated by org.testng.reporters.JUnitXMLReporter -->
<testsuite hostname="Satishs-MacBook-Air.local" failures="0" tests="1" name="regression test1" time="0.211" errors="0" timestamp="24 Mar 2019 16:08:28 GMT">
  <testcase classname="com.amazon.tests.home.SearchPageTests" name="@BeforeTest setup" time="0.0">
    <failure type="java.lang.IllegalStateException" message="The driver is not executable: /Users/satishtamilselvan/Downloads/AmazonProject/drivers/chromedriver">
      <![CDATA[java.lang.IllegalStateException: The driver is not executable: /Users/satishtamilselvan/Downloads/AmazonProject/drivers/chromedriver
	at com.google.common.base.Preconditions.checkState(Preconditions.java:585)
	at org.openqa.selenium.remote.service.DriverService.checkExecutable(DriverService.java:141)
	at org.openqa.selenium.remote.service.DriverService.findExecutable(DriverService.java:132)
	at org.openqa.selenium.chrome.ChromeDriverService.access$000(ChromeDriverService.java:35)
	at org.openqa.selenium.chrome.ChromeDriverService$Builder.findDefaultExecutable(ChromeDriverService.java:156)
	at org.openqa.selenium.remote.service.DriverService$Builder.build(DriverService.java:346)
	at org.openqa.selenium.chrome.ChromeDriverService.createDefaultService(ChromeDriverService.java:91)
	at org.openqa.selenium.chrome.ChromeDriver.<init>(ChromeDriver.java:123)
	at com.amazon.common.utils.BaseTest.setup(BaseTest.java:43)
	at java.base/java.util.concurrent.FutureTask.run(FutureTask.java:264)
	at java.base/java.util.concurrent.ThreadPoolExecutor.runWorker(ThreadPoolExecutor.java:1128)
	at java.base/java.util.concurrent.ThreadPoolExecutor$Worker.run(ThreadPoolExecutor.java:628)
	at java.base/java.lang.Thread.run(Thread.java:834)
... Removed 14 stack frames]]>
    </failure>
  </testcase> <!-- @BeforeTest setup -->
  <testcase classname="com.amazon.tests.home.SearchPageTests" name="@AfterTest tearDown" time="0.0">
    <skipped/>
  </testcase> <!-- @AfterTest tearDown -->
  <testcase classname="com.amazon.tests.home.SearchPageTests" name="validateNoResult" time="0.003">
    <skipped/>
  </testcase> <!-- validateNoResult -->
</testsuite> <!-- regression test1 -->
